TN:
SF:/Users/nick_x/software-projects/udemy-complete-angular-master-class/testing-demo/src/test.ts
FN:14,(anonymous_0)
FNF:1
FNH:1
FNDA:1,(anonymous_0)
DA:3,1
DA:4,1
DA:5,1
DA:6,1
DA:7,1
DA:8,1
DA:9,1
DA:10,1
DA:11,1
DA:12,1
DA:14,1
DA:16,1
DA:18,1
DA:20,1
DA:22,1
LF:15
LH:15
BRF:0
BRH:0
end_of_record
TN:
SF:/Users/nick_x/software-projects/udemy-complete-angular-master-class/testing-demo/src/polyfills.ts
FNF:0
FNH:0
DA:2,1
DA:5,1
DA:6,1
DA:7,1
DA:8,1
DA:9,1
DA:10,1
DA:11,1
DA:12,1
DA:13,1
DA:14,1
DA:15,1
DA:16,1
DA:17,1
DA:18,1
DA:19,1
DA:20,1
LF:17
LH:17
BRF:0
BRH:0
end_of_record
TN:
SF:/Users/nick_x/software-projects/udemy-complete-angular-master-class/testing-demo/src/app/01-fundamentals/compute.ts
FN:3,compute
FNF:1
FNH:1
FNDA:2,compute
DA:2,1
DA:4,2
DA:5,1
DA:6,1
DA:8,1
LF:5
LH:5
BRDA:4,0,0,1
BRDA:4,0,1,1
BRF:2
BRH:2
end_of_record
TN:
SF:/Users/nick_x/software-projects/udemy-complete-angular-master-class/testing-demo/src/app/02-arrays-and-strings/getCurrencies.ts
FN:3,getCurrencies
FNF:1
FNH:1
FNDA:1,getCurrencies
DA:2,1
DA:4,1
DA:6,1
LF:3
LH:3
BRF:0
BRH:0
end_of_record
TN:
SF:/Users/nick_x/software-projects/udemy-complete-angular-master-class/testing-demo/src/app/02-arrays-and-strings/greet.ts
FN:3,greet
FNF:1
FNH:1
FNDA:1,greet
DA:2,1
DA:4,1
DA:6,1
LF:3
LH:3
BRF:0
BRH:0
end_of_record
TN:
SF:/Users/nick_x/software-projects/udemy-complete-angular-master-class/testing-demo/src/app/03-setup-and-teardown/vote.component.ts
FN:3,(anonymous_0)
FN:4,VoteComponent
FN:7,(anonymous_2)
FN:10,(anonymous_3)
FNF:4
FNH:4
FNDA:1,(anonymous_0)
FNDA:2,VoteComponent
FNDA:1,(anonymous_2)
FNDA:1,(anonymous_3)
DA:2,1
DA:3,1
DA:5,2
DA:7,1
DA:8,1
DA:10,1
DA:11,1
DA:13,1
DA:15,1
LF:9
LH:9
BRF:0
BRH:0
end_of_record
TN:
SF:/Users/nick_x/software-projects/udemy-complete-angular-master-class/testing-demo/src/app/04-forms/todo-form.component.ts
FN:4,(anonymous_0)
FN:5,TodoFormComponent
FNF:2
FNH:2
FNDA:1,(anonymous_0)
FNDA:2,TodoFormComponent
DA:2,1
DA:3,1
DA:4,1
DA:6,2
DA:11,1
DA:13,1
LF:6
LH:6
BRF:0
BRH:0
end_of_record
TN:
SF:/Users/nick_x/software-projects/udemy-complete-angular-master-class/testing-demo/src/app/05-event-emitters/vote.component.ts
FN:4,(anonymous_0)
FN:5,VoteComponent
FN:9,(anonymous_2)
FNF:3
FNH:3
FNDA:1,(anonymous_0)
FNDA:1,VoteComponent
FNDA:1,(anonymous_2)
DA:2,1
DA:3,1
DA:4,1
DA:6,1
DA:7,1
DA:9,1
DA:10,1
DA:11,1
DA:13,1
DA:15,1
LF:10
LH:10
BRF:0
BRH:0
end_of_record
TN:
SF:/Users/nick_x/software-projects/udemy-complete-angular-master-class/testing-demo/src/app/06-services/todos.component.ts
FN:3,(anonymous_0)
FN:4,TodosComponent
FN:8,(anonymous_2)
FN:10,(anonymous_3)
FN:12,(anonymous_4)
FN:15,(anonymous_5)
FN:15,(anonymous_6)
FN:17,(anonymous_7)
FNF:8
FNH:8
FNDA:1,(anonymous_0)
FNDA:6,TodosComponent
FNDA:1,(anonymous_2)
FNDA:1,(anonymous_3)
FNDA:3,(anonymous_4)
FNDA:1,(anonymous_5)
FNDA:1,(anonymous_6)
FNDA:2,(anonymous_7)
DA:2,1
DA:3,1
DA:5,6
DA:6,6
DA:8,1
DA:9,1
DA:10,1
DA:12,1
DA:13,3
DA:14,3
DA:15,3
DA:17,1
DA:18,2
DA:19,1
DA:21,1
DA:23,1
LF:16
LH:16
BRDA:18,0,0,1
BRDA:18,0,1,1
BRF:2
BRH:2
end_of_record
TN:
SF:/Users/nick_x/software-projects/udemy-complete-angular-master-class/testing-demo/src/app/06-services/todo.service.ts
FN:4,(anonymous_0)
FN:5,TodoService
FN:8,(anonymous_2)
FN:9,(anonymous_3)
FN:11,(anonymous_4)
FN:12,(anonymous_5)
FN:14,(anonymous_6)
FN:15,(anonymous_7)
FNF:8
FNH:2
FNDA:1,(anonymous_0)
FNDA:6,TodoService
FNDA:0,(anonymous_2)
FNDA:0,(anonymous_3)
FNDA:0,(anonymous_4)
FNDA:0,(anonymous_5)
FNDA:0,(anonymous_6)
FNDA:0,(anonymous_7)
DA:2,1
DA:3,1
DA:4,1
DA:6,6
DA:8,1
DA:9,0
DA:11,1
DA:12,0
DA:14,1
DA:15,0
DA:17,1
DA:19,1
LF:12
LH:9
BRF:0
BRH:0
end_of_record
